2014-01-27 22:45:03,184 [http-bio-8080-exec-3] ERROR StackTrace  - Full Stack Trace:
java.io.FileNotFoundException: /home/achyut/.grails/2.2.4/projects/test/tomcat/work/Tomcat/localhost/test/grails-resources/js/application.js (No such file or directory)
	at java.io.FileInputStream.open(Native Method)
	at java.io.FileInputStream.<init>(FileInputStream.java:146)
	at org.codehaus.groovy.runtime.ResourceGroovyMethods.newInputStream(ResourceGroovyMethods.java:1811)
	at org.codehaus.groovy.runtime.dgm$795.invoke(Unknown Source)
	at org.codehaus.groovy.runtime.callsite.PojoMetaMethodSite$PojoMetaMethodSiteNoUnwrapNoCoerce.invoke(PojoMetaMethodSite.java:271)
	at org.codehaus.groovy.runtime.callsite.PojoMetaMethodSite.call(PojoMetaMethodSite.java:53)
	at org.codehaus.groovy.runtime.callsite.AbstractCallSite.call(AbstractCallSite.java:112)
	at org.grails.plugin.resource.ResourceMeta.newInputStream(ResourceMeta.groovy:209)
	at org.grails.plugin.resource.ResourceMeta$newInputStream$0.call(Unknown Source)
	at org.grails.plugin.resource.ResourceProcessor.processModernResource(ResourceProcessor.groovy:292)
	at org.grails.plugin.resource.ResourceProcessor$processModernResource$0.call(Unknown Source)
	at org.grails.plugin.resource.ProcessingFilter.doFilter(ProcessingFilter.groovy:39)
	at org.apache.catalina.core.ApplicationFilterChain.internalDoFilter(ApplicationFilterChain.java:243)
	at org.apache.catalina.core.ApplicationFilterChain.doFilter(ApplicationFilterChain.java:210)
	at org.springframework.web.filter.CharacterEncodingFilter.doFilterInternal(CharacterEncodingFilter.java:88)
	at org.springframework.web.filter.OncePerRequestFilter.doFilter(OncePerRequestFilter.java:76)
	at org.springframework.web.filter.DelegatingFilterProxy.invokeDelegate(DelegatingFilterProxy.java:346)
	at org.springframework.web.filter.DelegatingFilterProxy.doFilter(DelegatingFilterProxy.java:259)
	at org.apache.catalina.core.ApplicationFilterChain.internalDoFilter(ApplicationFilterChain.java:243)
	at org.apache.catalina.core.ApplicationFilterChain.doFilter(ApplicationFilterChain.java:210)
	at org.apache.catalina.core.StandardWrapperValve.invoke(StandardWrapperValve.java:222)
	at org.apache.catalina.core.StandardContextValve.invoke(StandardContextValve.java:123)
	at org.apache.catalina.core.StandardHostValve.invoke(StandardHostValve.java:171)
	at org.apache.catalina.valves.ErrorReportValve.invoke(ErrorReportValve.java:99)
	at org.apache.catalina.core.StandardEngineValve.invoke(StandardEngineValve.java:118)
	at org.apache.catalina.connector.CoyoteAdapter.service(CoyoteAdapter.java:408)
	at org.apache.coyote.http11.AbstractHttp11Processor.process(AbstractHttp11Processor.java:1023)
	at org.apache.coyote.AbstractProtocol$AbstractConnectionHandler.process(AbstractProtocol.java:589)
	at org.apache.tomcat.util.net.JIoEndpoint$SocketProcessor.run(JIoEndpoint.java:312)
	at java.util.concurrent.ThreadPoolExecutor.runWorker(ThreadPoolExecutor.java:1145)
	at java.util.concurrent.ThreadPoolExecutor$Worker.run(ThreadPoolExecutor.java:615)
	at java.lang.Thread.run(Thread.java:724)
2014-01-27 22:45:03,187 [http-bio-8080-exec-3] ERROR StackTrace  - Full Stack Trace:
java.io.FileNotFoundException: /home/achyut/.grails/2.2.4/projects/test/tomcat/work/Tomcat/localhost/test/grails-resources/js/application.js (No such file or directory)
	at java.io.FileInputStream.<init>(FileInputStream.java:146)
	at org.grails.plugin.resource.ResourceMeta.newInputStream(ResourceMeta.groovy:209)
	at org.grails.plugin.resource.ResourceProcessor.processModernResource(ResourceProcessor.groovy:292)
	at org.grails.plugin.resource.ProcessingFilter.doFilter(ProcessingFilter.groovy:39)
	at java.util.concurrent.ThreadPoolExecutor.runWorker(ThreadPoolExecutor.java:1145)
	at java.util.concurrent.ThreadPoolExecutor$Worker.run(ThreadPoolExecutor.java:615)
	at java.lang.Thread.run(Thread.java:724)
2014-01-27 22:45:03,336 [http-bio-8080-exec-3] ERROR StackTrace  - Full Stack Trace:
java.io.FileNotFoundException: /home/achyut/.grails/2.2.4/projects/test/tomcat/work/Tomcat/localhost/test/grails-resources/js/application.js (No such file or directory)
	at java.io.FileInputStream.<init>(FileInputStream.java:146)
	at org.grails.plugin.resource.ResourceMeta.newInputStream(ResourceMeta.groovy:209)
	at org.grails.plugin.resource.ResourceProcessor.processModernResource(ResourceProcessor.groovy:292)
	at org.grails.plugin.resource.ProcessingFilter.doFilter(ProcessingFilter.groovy:39)
	at java.util.concurrent.ThreadPoolExecutor.runWorker(ThreadPoolExecutor.java:1145)
	at java.util.concurrent.ThreadPoolExecutor$Worker.run(ThreadPoolExecutor.java:615)
	at java.lang.Thread.run(Thread.java:724)
2014-01-27 22:45:03,336 [http-bio-8080-exec-3] ERROR StackTrace  - Full Stack Trace:
java.io.FileNotFoundException: /home/achyut/.grails/2.2.4/projects/test/tomcat/work/Tomcat/localhost/test/grails-resources/js/application.js (No such file or directory)
	at java.io.FileInputStream.<init>(FileInputStream.java:146)
	at org.grails.plugin.resource.ResourceMeta.newInputStream(ResourceMeta.groovy:209)
	at org.grails.plugin.resource.ResourceProcessor.processModernResource(ResourceProcessor.groovy:292)
	at org.grails.plugin.resource.ProcessingFilter.doFilter(ProcessingFilter.groovy:39)
	at java.util.concurrent.ThreadPoolExecutor.runWorker(ThreadPoolExecutor.java:1145)
	at java.util.concurrent.ThreadPoolExecutor$Worker.run(ThreadPoolExecutor.java:615)
	at java.lang.Thread.run(Thread.java:724)
2014-01-27 22:45:05,204 [http-bio-8080-exec-9] ERROR StackTrace  - Full Stack Trace:
java.io.FileNotFoundException: /home/achyut/.grails/2.2.4/projects/test/tomcat/work/Tomcat/localhost/test/grails-resources/js/application.js (No such file or directory)
	at java.io.FileInputStream.open(Native Method)
	at java.io.FileInputStream.<init>(FileInputStream.java:146)
	at org.codehaus.groovy.runtime.ResourceGroovyMethods.newInputStream(ResourceGroovyMethods.java:1811)
	at org.codehaus.groovy.runtime.dgm$795.invoke(Unknown Source)
	at org.codehaus.groovy.runtime.callsite.PojoMetaMethodSite$PojoMetaMethodSiteNoUnwrapNoCoerce.invoke(PojoMetaMethodSite.java:271)
	at org.codehaus.groovy.runtime.callsite.PojoMetaMethodSite.call(PojoMetaMethodSite.java:53)
	at org.codehaus.groovy.runtime.callsite.AbstractCallSite.call(AbstractCallSite.java:112)
	at org.grails.plugin.resource.ResourceMeta.newInputStream(ResourceMeta.groovy:209)
	at org.grails.plugin.resource.ResourceMeta$newInputStream$0.call(Unknown Source)
	at org.grails.plugin.resource.ResourceProcessor.processModernResource(ResourceProcessor.groovy:292)
	at org.grails.plugin.resource.ResourceProcessor$processModernResource$0.call(Unknown Source)
	at org.grails.plugin.resource.ProcessingFilter.doFilter(ProcessingFilter.groovy:39)
	at org.apache.catalina.core.ApplicationFilterChain.internalDoFilter(ApplicationFilterChain.java:243)
	at org.apache.catalina.core.ApplicationFilterChain.doFilter(ApplicationFilterChain.java:210)
	at org.springframework.web.filter.CharacterEncodingFilter.doFilterInternal(CharacterEncodingFilter.java:88)
	at org.springframework.web.filter.OncePerRequestFilter.doFilter(OncePerRequestFilter.java:76)
	at org.springframework.web.filter.DelegatingFilterProxy.invokeDelegate(DelegatingFilterProxy.java:346)
	at org.springframework.web.filter.DelegatingFilterProxy.doFilter(DelegatingFilterProxy.java:259)
	at org.apache.catalina.core.ApplicationFilterChain.internalDoFilter(ApplicationFilterChain.java:243)
	at org.apache.catalina.core.ApplicationFilterChain.doFilter(ApplicationFilterChain.java:210)
	at org.apache.catalina.core.StandardWrapperValve.invoke(StandardWrapperValve.java:222)
	at org.apache.catalina.core.StandardContextValve.invoke(StandardContextValve.java:123)
	at org.apache.catalina.core.StandardHostValve.invoke(StandardHostValve.java:171)
	at org.apache.catalina.valves.ErrorReportValve.invoke(ErrorReportValve.java:99)
	at org.apache.catalina.core.StandardEngineValve.invoke(StandardEngineValve.java:118)
	at org.apache.catalina.connector.CoyoteAdapter.service(CoyoteAdapter.java:408)
	at org.apache.coyote.http11.AbstractHttp11Processor.process(AbstractHttp11Processor.java:1023)
	at org.apache.coyote.AbstractProtocol$AbstractConnectionHandler.process(AbstractProtocol.java:589)
	at org.apache.tomcat.util.net.JIoEndpoint$SocketProcessor.run(JIoEndpoint.java:310)
	at java.util.concurrent.ThreadPoolExecutor.runWorker(ThreadPoolExecutor.java:1145)
	at java.util.concurrent.ThreadPoolExecutor$Worker.run(ThreadPoolExecutor.java:615)
	at java.lang.Thread.run(Thread.java:724)
2014-01-27 22:45:05,205 [http-bio-8080-exec-9] ERROR StackTrace  - Full Stack Trace:
java.io.FileNotFoundException: /home/achyut/.grails/2.2.4/projects/test/tomcat/work/Tomcat/localhost/test/grails-resources/js/application.js (No such file or directory)
	at java.io.FileInputStream.<init>(FileInputStream.java:146)
	at org.grails.plugin.resource.ResourceMeta.newInputStream(ResourceMeta.groovy:209)
	at org.grails.plugin.resource.ResourceProcessor.processModernResource(ResourceProcessor.groovy:292)
	at org.grails.plugin.resource.ProcessingFilter.doFilter(ProcessingFilter.groovy:39)
	at java.util.concurrent.ThreadPoolExecutor.runWorker(ThreadPoolExecutor.java:1145)
	at java.util.concurrent.ThreadPoolExecutor$Worker.run(ThreadPoolExecutor.java:615)
	at java.lang.Thread.run(Thread.java:724)
2014-01-27 22:45:05,213 [http-bio-8080-exec-9] ERROR StackTrace  - Full Stack Trace:
java.io.FileNotFoundException: /home/achyut/.grails/2.2.4/projects/test/tomcat/work/Tomcat/localhost/test/grails-resources/js/application.js (No such file or directory)
	at java.io.FileInputStream.<init>(FileInputStream.java:146)
	at org.grails.plugin.resource.ResourceMeta.newInputStream(ResourceMeta.groovy:209)
	at org.grails.plugin.resource.ResourceProcessor.processModernResource(ResourceProcessor.groovy:292)
	at org.grails.plugin.resource.ProcessingFilter.doFilter(ProcessingFilter.groovy:39)
	at java.util.concurrent.ThreadPoolExecutor.runWorker(ThreadPoolExecutor.java:1145)
	at java.util.concurrent.ThreadPoolExecutor$Worker.run(ThreadPoolExecutor.java:615)
	at java.lang.Thread.run(Thread.java:724)
2014-01-27 22:45:05,214 [http-bio-8080-exec-9] ERROR StackTrace  - Full Stack Trace:
java.io.FileNotFoundException: /home/achyut/.grails/2.2.4/projects/test/tomcat/work/Tomcat/localhost/test/grails-resources/js/application.js (No such file or directory)
	at java.io.FileInputStream.<init>(FileInputStream.java:146)
	at org.grails.plugin.resource.ResourceMeta.newInputStream(ResourceMeta.groovy:209)
	at org.grails.plugin.resource.ResourceProcessor.processModernResource(ResourceProcessor.groovy:292)
	at org.grails.plugin.resource.ProcessingFilter.doFilter(ProcessingFilter.groovy:39)
	at java.util.concurrent.ThreadPoolExecutor.runWorker(ThreadPoolExecutor.java:1145)
	at java.util.concurrent.ThreadPoolExecutor$Worker.run(ThreadPoolExecutor.java:615)
	at java.lang.Thread.run(Thread.java:724)
2014-01-28 21:27:39,966 [http-bio-8080-exec-10] ERROR StackTrace  - Full Stack Trace:
org.codehaus.groovy.control.MultipleCompilationErrorsException: startup failed:
home_achyut_Documents_workspace_ggts_3_4_0_RELEASE_test_grails_app_views_layouts_quote_gsp: 20: unexpected token: < @ line 20, column 5.
   --  <link rel="stylesheet" href="${resource(dir: 'vendors/easypiechart/', file: 'jquery.easy-pie-chart.css')}" type="text/css">   <!-- HTML5 shim, for IE6-8 support of HTML5 elements -->
       ^

1 error

	at org.codehaus.groovy.control.ErrorCollector.failIfErrors(ErrorCollector.java:309)
	at org.codehaus.groovy.control.ErrorCollector.addFatalError(ErrorCollector.java:149)
	at org.codehaus.groovy.control.ErrorCollector.addError(ErrorCollector.java:119)
	at org.codehaus.groovy.control.ErrorCollector.addError(ErrorCollector.java:131)
	at org.codehaus.groovy.control.SourceUnit.addError(SourceUnit.java:359)
	at org.codehaus.groovy.antlr.AntlrParserPlugin.transformCSTIntoAST(AntlrParserPlugin.java:142)
	at org.codehaus.groovy.antlr.AntlrParserPlugin.parseCST(AntlrParserPlugin.java:108)
	at org.codehaus.groovy.control.SourceUnit.parse(SourceUnit.java:236)
	at org.codehaus.groovy.control.CompilationUnit$1.call(CompilationUnit.java:162)
	at org.codehaus.groovy.control.CompilationUnit.applyToSourceUnits(CompilationUnit.java:903)
	at org.codehaus.groovy.control.CompilationUnit.doPhaseOperation(CompilationUnit.java:566)
	at org.codehaus.groovy.control.CompilationUnit.processPhaseOperations(CompilationUnit.java:542)
	at org.codehaus.groovy.control.CompilationUnit.compile(CompilationUnit.java:519)
	at groovy.lang.GroovyClassLoader.doParseClass(GroovyClassLoader.java:279)
	at groovy.lang.GroovyClassLoader.parseClass(GroovyClassLoader.java:258)
	at groovy.lang.GroovyClassLoader.parseClass(GroovyClassLoader.java:244)
	at groovy.lang.GroovyClassLoader.parseClass(GroovyClassLoader.java:202)
	at org.codehaus.groovy.grails.web.pages.GroovyPagesTemplateEngine.compileGroovyPage(GroovyPagesTemplateEngine.java:634)
	at org.codehaus.groovy.grails.web.pages.GroovyPagesTemplateEngine.buildPageMetaInfo(GroovyPagesTemplateEngine.java:582)
	at org.codehaus.groovy.grails.web.pages.GroovyPagesTemplateEngine.createTemplate(GroovyPagesTemplateEngine.java:469)
	at org.codehaus.groovy.grails.web.pages.GroovyPagesTemplateEngine.createTemplateWithResource(GroovyPagesTemplateEngine.java:451)
	at org.codehaus.groovy.grails.web.pages.GroovyPagesTemplateEngine.createTemplate(GroovyPagesTemplateEngine.java:257)
	at org.codehaus.groovy.grails.web.pages.GroovyPagesTemplateEngine.createTemplate(GroovyPagesTemplateEngine.java:346)
	at org.codehaus.groovy.grails.web.servlet.view.GroovyPageView.initTemplate(GroovyPageView.java:249)
	at org.codehaus.groovy.grails.web.servlet.view.GroovyPageView.afterPropertiesSet(GroovyPageView.java:239)
	at org.codehaus.groovy.grails.web.servlet.view.GrailsViewResolver.createGroovyPageView(GrailsViewResolver.java:177)
	at org.codehaus.groovy.grails.web.servlet.view.GrailsViewResolver.createGrailsView(GrailsViewResolver.java:160)
	at org.codehaus.groovy.grails.web.servlet.view.GrailsViewResolver.loadView(GrailsViewResolver.java:85)
	at org.codehaus.groovy.grails.scaffolding.view.ScaffoldingViewResolver.loadView(ScaffoldingViewResolver.java:59)
	at org.springframework.web.servlet.view.AbstractCachingViewResolver.createView(AbstractCachingViewResolver.java:211)
	at org.springframework.web.servlet.view.UrlBasedViewResolver.createView(UrlBasedViewResolver.java:401)
	at org.springframework.web.servlet.view.AbstractCachingViewResolver.resolveViewName(AbstractCachingViewResolver.java:120)
	at org.codehaus.groovy.grails.web.sitemesh.GroovyPageLayoutFinder.getNamedDecorator(GroovyPageLayoutFinder.java:174)
	at org.codehaus.groovy.grails.web.sitemesh.GroovyPageLayoutFinder.resolveDecorator(GroovyPageLayoutFinder.java:216)
	at org.codehaus.groovy.grails.web.sitemesh.GroovyPageLayoutFinder.findLayout(GroovyPageLayoutFinder.java:130)
	at org.codehaus.groovy.grails.web.sitemesh.GrailsLayoutDecoratorMapper.getDecorator(GrailsLayoutDecoratorMapper.java:53)
	at com.opensymphony.module.sitemesh.mapper.AbstractDecoratorMapper.getDecorator(AbstractDecoratorMapper.java:45)
	at com.opensymphony.module.sitemesh.mapper.InlineDecoratorMapper.getDecorator(InlineDecoratorMapper.java:41)
	at org.codehaus.groovy.grails.web.sitemesh.GrailsPageFilter.doFilter(GrailsPageFilter.java:158)
	at org.apache.catalina.core.ApplicationFilterChain.internalDoFilter(ApplicationFilterChain.java:243)
	at org.apache.catalina.core.ApplicationFilterChain.doFilter(ApplicationFilterChain.java:210)
	at javax.servlet.FilterChain$doFilter.call(Unknown Source)
	at org.grails.plugin.resource.DevModeSanityFilter.doFilter(DevModeSanityFilter.groovy:44)
	at org.apache.catalina.core.ApplicationFilterChain.internalDoFilter(ApplicationFilterChain.java:243)
	at org.apache.catalina.core.ApplicationFilterChain.doFilter(ApplicationFilterChain.java:210)
	at org.codehaus.groovy.grails.web.servlet.mvc.GrailsWebRequestFilter.doFilterInternal(GrailsWebRequestFilter.java:69)
	at org.springframework.web.filter.OncePerRequestFilter.doFilter(OncePerRequestFilter.java:76)
	at org.apache.catalina.core.ApplicationFilterChain.internalDoFilter(ApplicationFilterChain.java:243)
	at org.apache.catalina.core.ApplicationFilterChain.doFilter(ApplicationFilterChain.java:210)
	at org.codehaus.groovy.grails.web.filters.HiddenHttpMethodFilter.doFilterInternal(HiddenHttpMethodFilter.java:66)
	at org.springframework.web.filter.OncePerRequestFilter.doFilter(OncePerRequestFilter.java:76)
	at org.apache.catalina.core.ApplicationFilterChain.internalDoFilter(ApplicationFilterChain.java:243)
	at org.apache.catalina.core.ApplicationFilterChain.doFilter(ApplicationFilterChain.java:210)
	at org.springframework.web.filter.CharacterEncodingFilter.doFilterInternal(CharacterEncodingFilter.java:88)
	at org.springframework.web.filter.OncePerRequestFilter.doFilter(OncePerRequestFilter.java:76)
	at org.springframework.web.filter.DelegatingFilterProxy.invokeDelegate(DelegatingFilterProxy.java:346)
	at org.springframework.web.filter.DelegatingFilterProxy.doFilter(DelegatingFilterProxy.java:259)
	at org.apache.catalina.core.ApplicationFilterChain.internalDoFilter(ApplicationFilterChain.java:243)
	at org.apache.catalina.core.ApplicationFilterChain.doFilter(ApplicationFilterChain.java:210)
	at org.apache.catalina.core.StandardWrapperValve.invoke(StandardWrapperValve.java:222)
	at org.apache.catalina.core.StandardContextValve.invoke(StandardContextValve.java:123)
	at org.apache.catalina.core.StandardHostValve.invoke(StandardHostValve.java:171)
	at org.apache.catalina.valves.ErrorReportValve.invoke(ErrorReportValve.java:99)
	at org.apache.catalina.core.StandardEngineValve.invoke(StandardEngineValve.java:118)
	at org.apache.catalina.connector.CoyoteAdapter.service(CoyoteAdapter.java:408)
	at org.apache.coyote.http11.AbstractHttp11Processor.process(AbstractHttp11Processor.java:1023)
	at org.apache.coyote.AbstractProtocol$AbstractConnectionHandler.process(AbstractProtocol.java:589)
	at org.apache.tomcat.util.net.JIoEndpoint$SocketProcessor.run(JIoEndpoint.java:310)
	at java.util.concurrent.ThreadPoolExecutor.runWorker(ThreadPoolExecutor.java:1145)
	at java.util.concurrent.ThreadPoolExecutor$Worker.run(ThreadPoolExecutor.java:615)
	at java.lang.Thread.run(Thread.java:724)
2014-01-28 21:27:39,995 [http-bio-8080-exec-10] ERROR StackTrace  - Full Stack Trace:
org.codehaus.groovy.control.MultipleCompilationErrorsException: startup failed:
home_achyut_Documents_workspace_ggts_3_4_0_RELEASE_test_grails_app_views_layouts_quote_gsp: 20: unexpected token: < @ line 20, column 5.
   --  <link rel="stylesheet" href="${resource(dir: 'vendors/easypiechart/', file: 'jquery.easy-pie-chart.css')}" type="text/css">   <!-- HTML5 shim, for IE6-8 support of HTML5 elements -->
       ^

1 error

	at org.codehaus.groovy.control.ErrorCollector.failIfErrors(ErrorCollector.java:309)
	at org.codehaus.groovy.control.ErrorCollector.addFatalError(ErrorCollector.java:149)
	at org.codehaus.groovy.control.ErrorCollector.addError(ErrorCollector.java:119)
	at org.codehaus.groovy.control.ErrorCollector.addError(ErrorCollector.java:131)
	at org.codehaus.groovy.control.SourceUnit.addError(SourceUnit.java:359)
	at org.codehaus.groovy.antlr.AntlrParserPlugin.transformCSTIntoAST(AntlrParserPlugin.java:142)
	at org.codehaus.groovy.antlr.AntlrParserPlugin.parseCST(AntlrParserPlugin.java:108)
	at org.codehaus.groovy.control.SourceUnit.parse(SourceUnit.java:236)
	at org.codehaus.groovy.control.CompilationUnit$1.call(CompilationUnit.java:162)
	at org.codehaus.groovy.control.CompilationUnit.applyToSourceUnits(CompilationUnit.java:903)
	at org.codehaus.groovy.control.CompilationUnit.doPhaseOperation(CompilationUnit.java:566)
	at org.codehaus.groovy.control.CompilationUnit.processPhaseOperations(CompilationUnit.java:542)
	at org.codehaus.groovy.control.CompilationUnit.compile(CompilationUnit.java:519)
	at java.util.concurrent.ThreadPoolExecutor.runWorker(ThreadPoolExecutor.java:1145)
	at java.util.concurrent.ThreadPoolExecutor$Worker.run(ThreadPoolExecutor.java:615)
	at java.lang.Thread.run(Thread.java:724)
2014-01-28 21:27:39,996 [http-bio-8080-exec-10] ERROR StackTrace  - Full Stack Trace:
org.codehaus.groovy.control.MultipleCompilationErrorsException: startup failed:
home_achyut_Documents_workspace_ggts_3_4_0_RELEASE_test_grails_app_views_layouts_quote_gsp: 20: unexpected token: < @ line 20, column 5.
   --  <link rel="stylesheet" href="${resource(dir: 'vendors/easypiechart/', file: 'jquery.easy-pie-chart.css')}" type="text/css">   <!-- HTML5 shim, for IE6-8 support of HTML5 elements -->
       ^

1 error

	at org.codehaus.groovy.control.ErrorCollector.failIfErrors(ErrorCollector.java:309)
	at org.codehaus.groovy.control.ErrorCollector.addFatalError(ErrorCollector.java:149)
	at org.codehaus.groovy.control.ErrorCollector.addError(ErrorCollector.java:119)
	at org.codehaus.groovy.control.ErrorCollector.addError(ErrorCollector.java:131)
	at org.codehaus.groovy.control.SourceUnit.addError(SourceUnit.java:359)
	at org.codehaus.groovy.antlr.AntlrParserPlugin.transformCSTIntoAST(AntlrParserPlugin.java:142)
	at org.codehaus.groovy.antlr.AntlrParserPlugin.parseCST(AntlrParserPlugin.java:108)
	at org.codehaus.groovy.control.SourceUnit.parse(SourceUnit.java:236)
	at org.codehaus.groovy.control.CompilationUnit$1.call(CompilationUnit.java:162)
	at org.codehaus.groovy.control.CompilationUnit.applyToSourceUnits(CompilationUnit.java:903)
	at org.codehaus.groovy.control.CompilationUnit.doPhaseOperation(CompilationUnit.java:566)
	at org.codehaus.groovy.control.CompilationUnit.processPhaseOperations(CompilationUnit.java:542)
	at org.codehaus.groovy.control.CompilationUnit.compile(CompilationUnit.java:519)
	at java.util.concurrent.ThreadPoolExecutor.runWorker(ThreadPoolExecutor.java:1145)
	at java.util.concurrent.ThreadPoolExecutor$Worker.run(ThreadPoolExecutor.java:615)
	at java.lang.Thread.run(Thread.java:724)
2014-01-28 21:27:39,996 [http-bio-8080-exec-10] ERROR StackTrace  - Full Stack Trace:
org.codehaus.groovy.control.MultipleCompilationErrorsException: startup failed:
home_achyut_Documents_workspace_ggts_3_4_0_RELEASE_test_grails_app_views_layouts_quote_gsp: 20: unexpected token: < @ line 20, column 5.
   --  <link rel="stylesheet" href="${resource(dir: 'vendors/easypiechart/', file: 'jquery.easy-pie-chart.css')}" type="text/css">   <!-- HTML5 shim, for IE6-8 support of HTML5 elements -->
       ^

1 error

	at org.codehaus.groovy.control.ErrorCollector.failIfErrors(ErrorCollector.java:309)
	at org.codehaus.groovy.control.ErrorCollector.addFatalError(ErrorCollector.java:149)
	at org.codehaus.groovy.control.ErrorCollector.addError(ErrorCollector.java:119)
	at org.codehaus.groovy.control.ErrorCollector.addError(ErrorCollector.java:131)
	at org.codehaus.groovy.control.SourceUnit.addError(SourceUnit.java:359)
	at org.codehaus.groovy.antlr.AntlrParserPlugin.transformCSTIntoAST(AntlrParserPlugin.java:142)
	at org.codehaus.groovy.antlr.AntlrParserPlugin.parseCST(AntlrParserPlugin.java:108)
	at org.codehaus.groovy.control.SourceUnit.parse(SourceUnit.java:236)
	at org.codehaus.groovy.control.CompilationUnit$1.call(CompilationUnit.java:162)
	at org.codehaus.groovy.control.CompilationUnit.applyToSourceUnits(CompilationUnit.java:903)
	at org.codehaus.groovy.control.CompilationUnit.doPhaseOperation(CompilationUnit.java:566)
	at org.codehaus.groovy.control.CompilationUnit.processPhaseOperations(CompilationUnit.java:542)
	at org.codehaus.groovy.control.CompilationUnit.compile(CompilationUnit.java:519)
	at java.util.concurrent.ThreadPoolExecutor.runWorker(ThreadPoolExecutor.java:1145)
	at java.util.concurrent.ThreadPoolExecutor$Worker.run(ThreadPoolExecutor.java:615)
	at java.lang.Thread.run(Thread.java:724)
2014-01-28 21:27:40,022 [http-bio-8080-exec-10] ERROR StackTrace  - Full Stack Trace:
org.codehaus.groovy.grails.web.pages.exceptions.GroovyPagesException: Error applying layout : quote
	at org.codehaus.groovy.grails.web.sitemesh.SpringMVCViewDecorator.render(SpringMVCViewDecorator.java:74)
	at org.codehaus.groovy.grails.web.sitemesh.SpringMVCViewDecorator.render(SpringMVCViewDecorator.java:52)
	at org.codehaus.groovy.grails.web.sitemesh.GrailsPageFilter.doFilter(GrailsPageFilter.java:161)
	at org.apache.catalina.core.ApplicationFilterChain.internalDoFilter(ApplicationFilterChain.java:243)
	at org.apache.catalina.core.ApplicationFilterChain.doFilter(ApplicationFilterChain.java:210)
	at javax.servlet.FilterChain$doFilter.call(Unknown Source)
	at org.grails.plugin.resource.DevModeSanityFilter.doFilter(DevModeSanityFilter.groovy:44)
	at org.apache.catalina.core.ApplicationFilterChain.internalDoFilter(ApplicationFilterChain.java:243)
	at org.apache.catalina.core.ApplicationFilterChain.doFilter(ApplicationFilterChain.java:210)
	at org.codehaus.groovy.grails.web.servlet.mvc.GrailsWebRequestFilter.doFilterInternal(GrailsWebRequestFilter.java:69)
	at org.springframework.web.filter.OncePerRequestFilter.doFilter(OncePerRequestFilter.java:76)
	at org.apache.catalina.core.ApplicationFilterChain.internalDoFilter(ApplicationFilterChain.java:243)
	at org.apache.catalina.core.ApplicationFilterChain.doFilter(ApplicationFilterChain.java:210)
	at org.codehaus.groovy.grails.web.filters.HiddenHttpMethodFilter.doFilterInternal(HiddenHttpMethodFilter.java:66)
	at org.springframework.web.filter.OncePerRequestFilter.doFilter(OncePerRequestFilter.java:76)
	at org.apache.catalina.core.ApplicationFilterChain.internalDoFilter(ApplicationFilterChain.java:243)
	at org.apache.catalina.core.ApplicationFilterChain.doFilter(ApplicationFilterChain.java:210)
	at org.springframework.web.filter.CharacterEncodingFilter.doFilterInternal(CharacterEncodingFilter.java:88)
	at org.springframework.web.filter.OncePerRequestFilter.doFilter(OncePerRequestFilter.java:76)
	at org.springframework.web.filter.DelegatingFilterProxy.invokeDelegate(DelegatingFilterProxy.java:346)
	at org.springframework.web.filter.DelegatingFilterProxy.doFilter(DelegatingFilterProxy.java:259)
	at org.apache.catalina.core.ApplicationFilterChain.internalDoFilter(ApplicationFilterChain.java:243)
	at org.apache.catalina.core.ApplicationFilterChain.doFilter(ApplicationFilterChain.java:210)
	at org.apache.catalina.core.StandardWrapperValve.invoke(StandardWrapperValve.java:222)
	at org.apache.catalina.core.StandardContextValve.invoke(StandardContextValve.java:123)
	at org.apache.catalina.core.StandardHostValve.invoke(StandardHostValve.java:171)
	at org.apache.catalina.valves.ErrorReportValve.invoke(ErrorReportValve.java:99)
	at org.apache.catalina.core.StandardEngineValve.invoke(StandardEngineValve.java:118)
	at org.apache.catalina.connector.CoyoteAdapter.service(CoyoteAdapter.java:408)
	at org.apache.coyote.http11.AbstractHttp11Processor.process(AbstractHttp11Processor.java:1023)
	at org.apache.coyote.AbstractProtocol$AbstractConnectionHandler.process(AbstractProtocol.java:589)
	at org.apache.tomcat.util.net.JIoEndpoint$SocketProcessor.run(JIoEndpoint.java:310)
	at java.util.concurrent.ThreadPoolExecutor.runWorker(ThreadPoolExecutor.java:1145)
	at java.util.concurrent.ThreadPoolExecutor$Worker.run(ThreadPoolExecutor.java:615)
	at java.lang.Thread.run(Thread.java:724)
Caused by: org.codehaus.groovy.grails.web.pages.exceptions.GroovyPagesException: Could not parse script [/grails-app/views/layouts/quote.gsp]: startup failed:
home_achyut_Documents_workspace_ggts_3_4_0_RELEASE_test_grails_app_views_layouts_quote_gsp: 20: unexpected token: < @ line 20, column 5.
   --  <link rel="stylesheet" href="${resource(dir: 'vendors/easypiechart/', file: 'jquery.easy-pie-chart.css')}" type="text/css">   <!-- HTML5 shim, for IE6-8 support of HTML5 elements -->
       ^

1 error

	at org.codehaus.groovy.grails.web.pages.GroovyPagesTemplateEngine.compileGroovyPage(GroovyPagesTemplateEngine.java:646)
	at org.codehaus.groovy.grails.web.pages.GroovyPagesTemplateEngine.buildPageMetaInfo(GroovyPagesTemplateEngine.java:582)
	at org.codehaus.groovy.grails.web.pages.GroovyPagesTemplateEngine.createTemplate(GroovyPagesTemplateEngine.java:469)
	at org.codehaus.groovy.grails.web.pages.GroovyPagesTemplateEngine.createTemplateWithResource(GroovyPagesTemplateEngine.java:451)
	at org.codehaus.groovy.grails.web.pages.GroovyPagesTemplateEngine.createTemplate(GroovyPagesTemplateEngine.java:257)
	at org.codehaus.groovy.grails.web.pages.GroovyPagesTemplateEngine.createTemplate(GroovyPagesTemplateEngine.java:346)
	at org.codehaus.groovy.grails.web.servlet.view.GroovyPageView.initTemplate(GroovyPageView.java:249)
	at org.codehaus.groovy.grails.web.servlet.view.GroovyPageView.afterPropertiesSet(GroovyPageView.java:239)
	at org.codehaus.groovy.grails.web.servlet.view.GrailsViewResolver.createGroovyPageView(GrailsViewResolver.java:177)
	at org.codehaus.groovy.grails.web.servlet.view.GrailsViewResolver.createGrailsView(GrailsViewResolver.java:160)
	at org.codehaus.groovy.grails.web.servlet.view.GrailsViewResolver.loadView(GrailsViewResolver.java:85)
	at org.codehaus.groovy.grails.scaffolding.view.ScaffoldingViewResolver.loadView(ScaffoldingViewResolver.java:59)
	at org.springframework.web.servlet.view.AbstractCachingViewResolver.createView(AbstractCachingViewResolver.java:211)
	at org.springframework.web.servlet.view.UrlBasedViewResolver.createView(UrlBasedViewResolver.java:401)
	at org.springframework.web.servlet.view.AbstractCachingViewResolver.resolveViewName(AbstractCachingViewResolver.java:120)
	at org.codehaus.groovy.grails.web.sitemesh.GroovyPageLayoutFinder.getNamedDecorator(GroovyPageLayoutFinder.java:174)
	at org.codehaus.groovy.grails.web.sitemesh.GroovyPageLayoutFinder.resolveDecorator(GroovyPageLayoutFinder.java:216)
	at org.codehaus.groovy.grails.web.sitemesh.GroovyPageLayoutFinder.findLayout(GroovyPageLayoutFinder.java:130)
	at org.codehaus.groovy.grails.web.sitemesh.GrailsLayoutDecoratorMapper.getDecorator(GrailsLayoutDecoratorMapper.java:53)
	at com.opensymphony.module.sitemesh.mapper.AbstractDecoratorMapper.getDecorator(AbstractDecoratorMapper.java:45)
	at com.opensymphony.module.sitemesh.mapper.InlineDecoratorMapper.getDecorator(InlineDecoratorMapper.java:41)
	at org.codehaus.groovy.grails.web.sitemesh.GrailsPageFilter.doFilter(GrailsPageFilter.java:158)
	... 32 more
Caused by: org.codehaus.groovy.control.MultipleCompilationErrorsException: startup failed:
home_achyut_Documents_workspace_ggts_3_4_0_RELEASE_test_grails_app_views_layouts_quote_gsp: 20: unexpected token: < @ line 20, column 5.
   --  <link rel="stylesheet" href="${resource(dir: 'vendors/easypiechart/', file: 'jquery.easy-pie-chart.css')}" type="text/css">   <!-- HTML5 shim, for IE6-8 support of HTML5 elements -->
       ^

1 error

	at org.codehaus.groovy.control.ErrorCollector.failIfErrors(ErrorCollector.java:309)
	at org.codehaus.groovy.control.ErrorCollector.addFatalError(ErrorCollector.java:149)
	at org.codehaus.groovy.control.ErrorCollector.addError(ErrorCollector.java:119)
	at org.codehaus.groovy.control.ErrorCollector.addError(ErrorCollector.java:131)
	at org.codehaus.groovy.control.SourceUnit.addError(SourceUnit.java:359)
	at org.codehaus.groovy.antlr.AntlrParserPlugin.transformCSTIntoAST(AntlrParserPlugin.java:142)
	at org.codehaus.groovy.antlr.AntlrParserPlugin.parseCST(AntlrParserPlugin.java:108)
	at org.codehaus.groovy.control.SourceUnit.parse(SourceUnit.java:236)
	at org.codehaus.groovy.control.CompilationUnit$1.call(CompilationUnit.java:162)
	at org.codehaus.groovy.control.CompilationUnit.applyToSourceUnits(CompilationUnit.java:903)
	at org.codehaus.groovy.control.CompilationUnit.doPhaseOperation(CompilationUnit.java:566)
	at org.codehaus.groovy.control.CompilationUnit.processPhaseOperations(CompilationUnit.java:542)
	at org.codehaus.groovy.control.CompilationUnit.compile(CompilationUnit.java:519)
	... 3 more
2014-01-28 21:27:40,023 [http-bio-8080-exec-10] ERROR StackTrace  - Full Stack Trace:
org.codehaus.groovy.grails.web.pages.exceptions.GroovyPagesException: Could not parse script [/grails-app/views/layouts/quote.gsp]: startup failed:
home_achyut_Documents_workspace_ggts_3_4_0_RELEASE_test_grails_app_views_layouts_quote_gsp: 20: unexpected token: < @ line 20, column 5.
   --  <link rel="stylesheet" href="${resource(dir: 'vendors/easypiechart/', file: 'jquery.easy-pie-chart.css')}" type="text/css">   <!-- HTML5 shim, for IE6-8 support of HTML5 elements -->
       ^

1 error

	at org.codehaus.groovy.grails.web.pages.GroovyPagesTemplateEngine.compileGroovyPage(GroovyPagesTemplateEngine.java:646)
	at org.codehaus.groovy.grails.web.pages.GroovyPagesTemplateEngine.buildPageMetaInfo(GroovyPagesTemplateEngine.java:582)
	at org.codehaus.groovy.grails.web.pages.GroovyPagesTemplateEngine.createTemplate(GroovyPagesTemplateEngine.java:469)
	at org.codehaus.groovy.grails.web.pages.GroovyPagesTemplateEngine.createTemplateWithResource(GroovyPagesTemplateEngine.java:451)
	at org.codehaus.groovy.grails.web.pages.GroovyPagesTemplateEngine.createTemplate(GroovyPagesTemplateEngine.java:257)
	at org.codehaus.groovy.grails.web.pages.GroovyPagesTemplateEngine.createTemplate(GroovyPagesTemplateEngine.java:346)
	at org.codehaus.groovy.grails.web.servlet.view.GroovyPageView.initTemplate(GroovyPageView.java:249)
	at org.codehaus.groovy.grails.web.servlet.view.GroovyPageView.afterPropertiesSet(GroovyPageView.java:239)
	at org.codehaus.groovy.grails.web.servlet.view.GrailsViewResolver.createGroovyPageView(GrailsViewResolver.java:177)
	at org.codehaus.groovy.grails.web.servlet.view.GrailsViewResolver.createGrailsView(GrailsViewResolver.java:160)
	at org.codehaus.groovy.grails.web.servlet.view.GrailsViewResolver.loadView(GrailsViewResolver.java:85)
	at org.codehaus.groovy.grails.scaffolding.view.ScaffoldingViewResolver.loadView(ScaffoldingViewResolver.java:59)
	at org.springframework.web.servlet.view.AbstractCachingViewResolver.createView(AbstractCachingViewResolver.java:211)
	at org.springframework.web.servlet.view.UrlBasedViewResolver.createView(UrlBasedViewResolver.java:401)
	at org.springframework.web.servlet.view.AbstractCachingViewResolver.resolveViewName(AbstractCachingViewResolver.java:120)
	at org.codehaus.groovy.grails.web.sitemesh.GroovyPageLayoutFinder.getNamedDecorator(GroovyPageLayoutFinder.java:174)
	at org.codehaus.groovy.grails.web.sitemesh.GroovyPageLayoutFinder.resolveDecorator(GroovyPageLayoutFinder.java:216)
	at org.codehaus.groovy.grails.web.sitemesh.GroovyPageLayoutFinder.findLayout(GroovyPageLayoutFinder.java:130)
	at org.codehaus.groovy.grails.web.sitemesh.GrailsLayoutDecoratorMapper.getDecorator(GrailsLayoutDecoratorMapper.java:53)
	at com.opensymphony.module.sitemesh.mapper.AbstractDecoratorMapper.getDecorator(AbstractDecoratorMapper.java:45)
	at com.opensymphony.module.sitemesh.mapper.InlineDecoratorMapper.getDecorator(InlineDecoratorMapper.java:41)
	at org.codehaus.groovy.grails.web.sitemesh.GrailsPageFilter.doFilter(GrailsPageFilter.java:158)
	at org.apache.catalina.core.ApplicationFilterChain.internalDoFilter(ApplicationFilterChain.java:243)
	at org.apache.catalina.core.ApplicationFilterChain.doFilter(ApplicationFilterChain.java:210)
	at javax.servlet.FilterChain$doFilter.call(Unknown Source)
	at org.grails.plugin.resource.DevModeSanityFilter.doFilter(DevModeSanityFilter.groovy:44)
	at org.apache.catalina.core.ApplicationFilterChain.internalDoFilter(ApplicationFilterChain.java:243)
	at org.apache.catalina.core.ApplicationFilterChain.doFilter(ApplicationFilterChain.java:210)
	at org.codehaus.groovy.grails.web.servlet.mvc.GrailsWebRequestFilter.doFilterInternal(GrailsWebRequestFilter.java:69)
	at org.springframework.web.filter.OncePerRequestFilter.doFilter(OncePerRequestFilter.java:76)
	at org.apache.catalina.core.ApplicationFilterChain.internalDoFilter(ApplicationFilterChain.java:243)
	at org.apache.catalina.core.ApplicationFilterChain.doFilter(ApplicationFilterChain.java:210)
	at org.codehaus.groovy.grails.web.filters.HiddenHttpMethodFilter.doFilterInternal(HiddenHttpMethodFilter.java:66)
	at org.springframework.web.filter.OncePerRequestFilter.doFilter(OncePerRequestFilter.java:76)
	at org.apache.catalina.core.ApplicationFilterChain.internalDoFilter(ApplicationFilterChain.java:243)
	at org.apache.catalina.core.ApplicationFilterChain.doFilter(ApplicationFilterChain.java:210)
	at org.springframework.web.filter.CharacterEncodingFilter.doFilterInternal(CharacterEncodingFilter.java:88)
	at org.springframework.web.filter.OncePerRequestFilter.doFilter(OncePerRequestFilter.java:76)
	at org.springframework.web.filter.DelegatingFilterProxy.invokeDelegate(DelegatingFilterProxy.java:346)
	at org.springframework.web.filter.DelegatingFilterProxy.doFilter(DelegatingFilterProxy.java:259)
	at org.apache.catalina.core.ApplicationFilterChain.internalDoFilter(ApplicationFilterChain.java:243)
	at org.apache.catalina.core.ApplicationFilterChain.doFilter(ApplicationFilterChain.java:210)
	at org.apache.catalina.core.StandardWrapperValve.invoke(StandardWrapperValve.java:222)
	at org.apache.catalina.core.StandardContextValve.invoke(StandardContextValve.java:123)
	at org.apache.catalina.core.StandardHostValve.invoke(StandardHostValve.java:171)
	at org.apache.catalina.valves.ErrorReportValve.invoke(ErrorReportValve.java:99)
	at org.apache.catalina.core.StandardEngineValve.invoke(StandardEngineValve.java:118)
	at org.apache.catalina.connector.CoyoteAdapter.service(CoyoteAdapter.java:408)
	at org.apache.coyote.http11.AbstractHttp11Processor.process(AbstractHttp11Processor.java:1023)
	at org.apache.coyote.AbstractProtocol$AbstractConnectionHandler.process(AbstractProtocol.java:589)
	at org.apache.tomcat.util.net.JIoEndpoint$SocketProcessor.run(JIoEndpoint.java:310)
	at java.util.concurrent.ThreadPoolExecutor.runWorker(ThreadPoolExecutor.java:1145)
	at java.util.concurrent.ThreadPoolExecutor$Worker.run(ThreadPoolExecutor.java:615)
	at java.lang.Thread.run(Thread.java:724)
Caused by: org.codehaus.groovy.control.MultipleCompilationErrorsException: startup failed:
home_achyut_Documents_workspace_ggts_3_4_0_RELEASE_test_grails_app_views_layouts_quote_gsp: 20: unexpected token: < @ line 20, column 5.
   --  <link rel="stylesheet" href="${resource(dir: 'vendors/easypiechart/', file: 'jquery.easy-pie-chart.css')}" type="text/css">   <!-- HTML5 shim, for IE6-8 support of HTML5 elements -->
       ^

1 error

	at org.codehaus.groovy.control.ErrorCollector.failIfErrors(ErrorCollector.java:309)
	at org.codehaus.groovy.control.ErrorCollector.addFatalError(ErrorCollector.java:149)
	at org.codehaus.groovy.control.ErrorCollector.addError(ErrorCollector.java:119)
	at org.codehaus.groovy.control.ErrorCollector.addError(ErrorCollector.java:131)
	at org.codehaus.groovy.control.SourceUnit.addError(SourceUnit.java:359)
	at org.codehaus.groovy.antlr.AntlrParserPlugin.transformCSTIntoAST(AntlrParserPlugin.java:142)
	at org.codehaus.groovy.antlr.AntlrParserPlugin.parseCST(AntlrParserPlugin.java:108)
	at org.codehaus.groovy.control.SourceUnit.parse(SourceUnit.java:236)
	at org.codehaus.groovy.control.CompilationUnit$1.call(CompilationUnit.java:162)
	at org.codehaus.groovy.control.CompilationUnit.applyToSourceUnits(CompilationUnit.java:903)
	at org.codehaus.groovy.control.CompilationUnit.doPhaseOperation(CompilationUnit.java:566)
	at org.codehaus.groovy.control.CompilationUnit.processPhaseOperations(CompilationUnit.java:542)
	at org.codehaus.groovy.control.CompilationUnit.compile(CompilationUnit.java:519)
	... 3 more
2014-01-28 21:27:40,024 [http-bio-8080-exec-10] ERROR StackTrace  - Full Stack Trace:
org.codehaus.groovy.control.MultipleCompilationErrorsException: startup failed:
home_achyut_Documents_workspace_ggts_3_4_0_RELEASE_test_grails_app_views_layouts_quote_gsp: 20: unexpected token: < @ line 20, column 5.
   --  <link rel="stylesheet" href="${resource(dir: 'vendors/easypiechart/', file: 'jquery.easy-pie-chart.css')}" type="text/css">   <!-- HTML5 shim, for IE6-8 support of HTML5 elements -->
       ^

1 error

	at org.codehaus.groovy.control.ErrorCollector.failIfErrors(ErrorCollector.java:309)
	at org.codehaus.groovy.control.ErrorCollector.addFatalError(ErrorCollector.java:149)
	at org.codehaus.groovy.control.ErrorCollector.addError(ErrorCollector.java:119)
	at org.codehaus.groovy.control.ErrorCollector.addError(ErrorCollector.java:131)
	at org.codehaus.groovy.control.SourceUnit.addError(SourceUnit.java:359)
	at org.codehaus.groovy.antlr.AntlrParserPlugin.transformCSTIntoAST(AntlrParserPlugin.java:142)
	at org.codehaus.groovy.antlr.AntlrParserPlugin.parseCST(AntlrParserPlugin.java:108)
	at org.codehaus.groovy.control.SourceUnit.parse(SourceUnit.java:236)
	at org.codehaus.groovy.control.CompilationUnit$1.call(CompilationUnit.java:162)
	at org.codehaus.groovy.control.CompilationUnit.applyToSourceUnits(CompilationUnit.java:903)
	at org.codehaus.groovy.control.CompilationUnit.doPhaseOperation(CompilationUnit.java:566)
	at org.codehaus.groovy.control.CompilationUnit.processPhaseOperations(CompilationUnit.java:542)
	at org.codehaus.groovy.control.CompilationUnit.compile(CompilationUnit.java:519)
	at java.util.concurrent.ThreadPoolExecutor.runWorker(ThreadPoolExecutor.java:1145)
	at java.util.concurrent.ThreadPoolExecutor$Worker.run(ThreadPoolExecutor.java:615)
	at java.lang.Thread.run(Thread.java:724)
2014-01-28 21:27:40,024 [http-bio-8080-exec-10] ERROR StackTrace  - Full Stack Trace:
org.codehaus.groovy.grails.web.pages.exceptions.GroovyPagesException: Error applying layout : quote
	at java.util.concurrent.ThreadPoolExecutor.runWorker(ThreadPoolExecutor.java:1145)
	at java.util.concurrent.ThreadPoolExecutor$Worker.run(ThreadPoolExecutor.java:615)
	at java.lang.Thread.run(Thread.java:724)
Caused by: org.codehaus.groovy.grails.web.pages.exceptions.GroovyPagesException: Could not parse script [/grails-app/views/layouts/quote.gsp]: startup failed:
home_achyut_Documents_workspace_ggts_3_4_0_RELEASE_test_grails_app_views_layouts_quote_gsp: 20: unexpected token: < @ line 20, column 5.
   --  <link rel="stylesheet" href="${resource(dir: 'vendors/easypiechart/', file: 'jquery.easy-pie-chart.css')}" type="text/css">   <!-- HTML5 shim, for IE6-8 support of HTML5 elements -->
       ^

1 error

	... 3 more
Caused by: org.codehaus.groovy.control.MultipleCompilationErrorsException: startup failed:
home_achyut_Documents_workspace_ggts_3_4_0_RELEASE_test_grails_app_views_layouts_quote_gsp: 20: unexpected token: < @ line 20, column 5.
   --  <link rel="stylesheet" href="${resource(dir: 'vendors/easypiechart/', file: 'jquery.easy-pie-chart.css')}" type="text/css">   <!-- HTML5 shim, for IE6-8 support of HTML5 elements -->
       ^

1 error

	at org.codehaus.groovy.control.ErrorCollector.failIfErrors(ErrorCollector.java:309)
	at org.codehaus.groovy.control.ErrorCollector.addFatalError(ErrorCollector.java:149)
	at org.codehaus.groovy.control.ErrorCollector.addError(ErrorCollector.java:119)
	at org.codehaus.groovy.control.ErrorCollector.addError(ErrorCollector.java:131)
	at org.codehaus.groovy.control.SourceUnit.addError(SourceUnit.java:359)
	at org.codehaus.groovy.antlr.AntlrParserPlugin.transformCSTIntoAST(AntlrParserPlugin.java:142)
	at org.codehaus.groovy.antlr.AntlrParserPlugin.parseCST(AntlrParserPlugin.java:108)
	at org.codehaus.groovy.control.SourceUnit.parse(SourceUnit.java:236)
	at org.codehaus.groovy.control.CompilationUnit$1.call(CompilationUnit.java:162)
	at org.codehaus.groovy.control.CompilationUnit.applyToSourceUnits(CompilationUnit.java:903)
	at org.codehaus.groovy.control.CompilationUnit.doPhaseOperation(CompilationUnit.java:566)
	at org.codehaus.groovy.control.CompilationUnit.processPhaseOperations(CompilationUnit.java:542)
	at org.codehaus.groovy.control.CompilationUnit.compile(CompilationUnit.java:519)
	... 3 more
2014-01-28 21:27:40,064 [http-bio-8080-exec-10] ERROR StackTrace  - Full Stack Trace:
org.codehaus.groovy.grails.web.pages.exceptions.GroovyPagesException: Error applying layout : quote
	at java.util.concurrent.ThreadPoolExecutor.runWorker(ThreadPoolExecutor.java:1145)
	at java.util.concurrent.ThreadPoolExecutor$Worker.run(ThreadPoolExecutor.java:615)
	at java.lang.Thread.run(Thread.java:724)
Caused by: org.codehaus.groovy.grails.web.pages.exceptions.GroovyPagesException: Could not parse script [/grails-app/views/layouts/quote.gsp]: startup failed:
home_achyut_Documents_workspace_ggts_3_4_0_RELEASE_test_grails_app_views_layouts_quote_gsp: 20: unexpected token: < @ line 20, column 5.
   --  <link rel="stylesheet" href="${resource(dir: 'vendors/easypiechart/', file: 'jquery.easy-pie-chart.css')}" type="text/css">   <!-- HTML5 shim, for IE6-8 support of HTML5 elements -->
       ^

1 error

	... 3 more
Caused by: org.codehaus.groovy.control.MultipleCompilationErrorsException: startup failed:
home_achyut_Documents_workspace_ggts_3_4_0_RELEASE_test_grails_app_views_layouts_quote_gsp: 20: unexpected token: < @ line 20, column 5.
   --  <link rel="stylesheet" href="${resource(dir: 'vendors/easypiechart/', file: 'jquery.easy-pie-chart.css')}" type="text/css">   <!-- HTML5 shim, for IE6-8 support of HTML5 elements -->
       ^

1 error

	at org.codehaus.groovy.control.ErrorCollector.failIfErrors(ErrorCollector.java:309)
	at org.codehaus.groovy.control.ErrorCollector.addFatalError(ErrorCollector.java:149)
	at org.codehaus.groovy.control.ErrorCollector.addError(ErrorCollector.java:119)
	at org.codehaus.groovy.control.ErrorCollector.addError(ErrorCollector.java:131)
	at org.codehaus.groovy.control.SourceUnit.addError(SourceUnit.java:359)
	at org.codehaus.groovy.antlr.AntlrParserPlugin.transformCSTIntoAST(AntlrParserPlugin.java:142)
	at org.codehaus.groovy.antlr.AntlrParserPlugin.parseCST(AntlrParserPlugin.java:108)
	at org.codehaus.groovy.control.SourceUnit.parse(SourceUnit.java:236)
	at org.codehaus.groovy.control.CompilationUnit$1.call(CompilationUnit.java:162)
	at org.codehaus.groovy.control.CompilationUnit.applyToSourceUnits(CompilationUnit.java:903)
	at org.codehaus.groovy.control.CompilationUnit.doPhaseOperation(CompilationUnit.java:566)
	at org.codehaus.groovy.control.CompilationUnit.processPhaseOperations(CompilationUnit.java:542)
	at org.codehaus.groovy.control.CompilationUnit.compile(CompilationUnit.java:519)
	... 3 more
2014-01-28 21:27:40,065 [http-bio-8080-exec-10] ERROR StackTrace  - Full Stack Trace:
org.codehaus.groovy.grails.web.pages.exceptions.GroovyPagesException: Could not parse script [/grails-app/views/layouts/quote.gsp]: startup failed:
home_achyut_Documents_workspace_ggts_3_4_0_RELEASE_test_grails_app_views_layouts_quote_gsp: 20: unexpected token: < @ line 20, column 5.
   --  <link rel="stylesheet" href="${resource(dir: 'vendors/easypiechart/', file: 'jquery.easy-pie-chart.css')}" type="text/css">   <!-- HTML5 shim, for IE6-8 support of HTML5 elements -->
       ^

1 error

	at java.util.concurrent.ThreadPoolExecutor.runWorker(ThreadPoolExecutor.java:1145)
	at java.util.concurrent.ThreadPoolExecutor$Worker.run(ThreadPoolExecutor.java:615)
	at java.lang.Thread.run(Thread.java:724)
Caused by: org.codehaus.groovy.control.MultipleCompilationErrorsException: startup failed:
home_achyut_Documents_workspace_ggts_3_4_0_RELEASE_test_grails_app_views_layouts_quote_gsp: 20: unexpected token: < @ line 20, column 5.
   --  <link rel="stylesheet" href="${resource(dir: 'vendors/easypiechart/', file: 'jquery.easy-pie-chart.css')}" type="text/css">   <!-- HTML5 shim, for IE6-8 support of HTML5 elements -->
       ^

1 error

	at org.codehaus.groovy.control.ErrorCollector.failIfErrors(ErrorCollector.java:309)
	at org.codehaus.groovy.control.ErrorCollector.addFatalError(ErrorCollector.java:149)
	at org.codehaus.groovy.control.ErrorCollector.addError(ErrorCollector.java:119)
	at org.codehaus.groovy.control.ErrorCollector.addError(ErrorCollector.java:131)
	at org.codehaus.groovy.control.SourceUnit.addError(SourceUnit.java:359)
	at org.codehaus.groovy.antlr.AntlrParserPlugin.transformCSTIntoAST(AntlrParserPlugin.java:142)
	at org.codehaus.groovy.antlr.AntlrParserPlugin.parseCST(AntlrParserPlugin.java:108)
	at org.codehaus.groovy.control.SourceUnit.parse(SourceUnit.java:236)
	at org.codehaus.groovy.control.CompilationUnit$1.call(CompilationUnit.java:162)
	at org.codehaus.groovy.control.CompilationUnit.applyToSourceUnits(CompilationUnit.java:903)
	at org.codehaus.groovy.control.CompilationUnit.doPhaseOperation(CompilationUnit.java:566)
	at org.codehaus.groovy.control.CompilationUnit.processPhaseOperations(CompilationUnit.java:542)
	at org.codehaus.groovy.control.CompilationUnit.compile(CompilationUnit.java:519)
	... 3 more
2014-01-28 21:27:40,065 [http-bio-8080-exec-10] ERROR StackTrace  - Full Stack Trace:
org.codehaus.groovy.control.MultipleCompilationErrorsException: startup failed:
home_achyut_Documents_workspace_ggts_3_4_0_RELEASE_test_grails_app_views_layouts_quote_gsp: 20: unexpected token: < @ line 20, column 5.
   --  <link rel="stylesheet" href="${resource(dir: 'vendors/easypiechart/', file: 'jquery.easy-pie-chart.css')}" type="text/css">   <!-- HTML5 shim, for IE6-8 support of HTML5 elements -->
       ^

1 error

	at org.codehaus.groovy.control.ErrorCollector.failIfErrors(ErrorCollector.java:309)
	at org.codehaus.groovy.control.ErrorCollector.addFatalError(ErrorCollector.java:149)
	at org.codehaus.groovy.control.ErrorCollector.addError(ErrorCollector.java:119)
	at org.codehaus.groovy.control.ErrorCollector.addError(ErrorCollector.java:131)
	at org.codehaus.groovy.control.SourceUnit.addError(SourceUnit.java:359)
	at org.codehaus.groovy.antlr.AntlrParserPlugin.transformCSTIntoAST(AntlrParserPlugin.java:142)
	at org.codehaus.groovy.antlr.AntlrParserPlugin.parseCST(AntlrParserPlugin.java:108)
	at org.codehaus.groovy.control.SourceUnit.parse(SourceUnit.java:236)
	at org.codehaus.groovy.control.CompilationUnit$1.call(CompilationUnit.java:162)
	at org.codehaus.groovy.control.CompilationUnit.applyToSourceUnits(CompilationUnit.java:903)
	at org.codehaus.groovy.control.CompilationUnit.doPhaseOperation(CompilationUnit.java:566)
	at org.codehaus.groovy.control.CompilationUnit.processPhaseOperations(CompilationUnit.java:542)
	at org.codehaus.groovy.control.CompilationUnit.compile(CompilationUnit.java:519)
	at java.util.concurrent.ThreadPoolExecutor.runWorker(ThreadPoolExecutor.java:1145)
	at java.util.concurrent.ThreadPoolExecutor$Worker.run(ThreadPoolExecutor.java:615)
	at java.lang.Thread.run(Thread.java:724)
2014-01-28 21:27:40,065 [http-bio-8080-exec-10] ERROR StackTrace  - Full Stack Trace:
org.codehaus.groovy.grails.web.pages.exceptions.GroovyPagesException: Error applying layout : quote
	at java.util.concurrent.ThreadPoolExecutor.runWorker(ThreadPoolExecutor.java:1145)
	at java.util.concurrent.ThreadPoolExecutor$Worker.run(ThreadPoolExecutor.java:615)
	at java.lang.Thread.run(Thread.java:724)
Caused by: org.codehaus.groovy.grails.web.pages.exceptions.GroovyPagesException: Could not parse script [/grails-app/views/layouts/quote.gsp]: startup failed:
home_achyut_Documents_workspace_ggts_3_4_0_RELEASE_test_grails_app_views_layouts_quote_gsp: 20: unexpected token: < @ line 20, column 5.
   --  <link rel="stylesheet" href="${resource(dir: 'vendors/easypiechart/', file: 'jquery.easy-pie-chart.css')}" type="text/css">   <!-- HTML5 shim, for IE6-8 support of HTML5 elements -->
       ^

1 error

	... 3 more
Caused by: org.codehaus.groovy.control.MultipleCompilationErrorsException: startup failed:
home_achyut_Documents_workspace_ggts_3_4_0_RELEASE_test_grails_app_views_layouts_quote_gsp: 20: unexpected token: < @ line 20, column 5.
   --  <link rel="stylesheet" href="${resource(dir: 'vendors/easypiechart/', file: 'jquery.easy-pie-chart.css')}" type="text/css">   <!-- HTML5 shim, for IE6-8 support of HTML5 elements -->
       ^

1 error

	at org.codehaus.groovy.control.ErrorCollector.failIfErrors(ErrorCollector.java:309)
	at org.codehaus.groovy.control.ErrorCollector.addFatalError(ErrorCollector.java:149)
	at org.codehaus.groovy.control.ErrorCollector.addError(ErrorCollector.java:119)
	at org.codehaus.groovy.control.ErrorCollector.addError(ErrorCollector.java:131)
	at org.codehaus.groovy.control.SourceUnit.addError(SourceUnit.java:359)
	at org.codehaus.groovy.antlr.AntlrParserPlugin.transformCSTIntoAST(AntlrParserPlugin.java:142)
	at org.codehaus.groovy.antlr.AntlrParserPlugin.parseCST(AntlrParserPlugin.java:108)
	at org.codehaus.groovy.control.SourceUnit.parse(SourceUnit.java:236)
	at org.codehaus.groovy.control.CompilationUnit$1.call(CompilationUnit.java:162)
	at org.codehaus.groovy.control.CompilationUnit.applyToSourceUnits(CompilationUnit.java:903)
	at org.codehaus.groovy.control.CompilationUnit.doPhaseOperation(CompilationUnit.java:566)
	at org.codehaus.groovy.control.CompilationUnit.processPhaseOperations(CompilationUnit.java:542)
	at org.codehaus.groovy.control.CompilationUnit.compile(CompilationUnit.java:519)
	... 3 more
